2025-12-15 18:55:59 INFO ProyectoAtomationPenelopeLopez == Inicio test_login_validation ==
2025-12-15 18:55:59 INFO ProyectoAtomationPenelopeLopez Completando con los datos de usuarios (desde CSV)
2025-12-15 18:55:59 INFO ProyectoAtomationPenelopeLopez Usuario: standard_user | debe_funcionar: True
2025-12-15 18:56:03 INFO ProyectoAtomationPenelopeLopez Verificando redireccionamiento dentro de la pagina
2025-12-15 18:56:03 INFO ProyectoAtomationPenelopeLopez URL actual: https://www.saucedemo.com/inventory.html
2025-12-15 18:56:03 INFO ProyectoAtomationPenelopeLopez Test de login (caso valido) completado
2025-12-15 18:56:03 INFO ProyectoAtomationPenelopeLopez == Fin test_login_validation ==
2025-12-15 18:56:08 INFO ProyectoAtomationPenelopeLopez == Inicio test_login_validation ==
2025-12-15 18:56:08 INFO ProyectoAtomationPenelopeLopez Completando con los datos de usuarios (desde CSV)
2025-12-15 18:56:08 INFO ProyectoAtomationPenelopeLopez Usuario: admin | debe_funcionar: False
2025-12-15 18:56:11 INFO ProyectoAtomationPenelopeLopez Verificando mensaje de error de login para credenciales invalidas
2025-12-15 18:56:11 INFO ProyectoAtomationPenelopeLopez Mensaje de error obtenido: Epic sadface: Username and password do not match any user in this service
2025-12-15 18:56:11 INFO ProyectoAtomationPenelopeLopez Test de login (caso inválido) completado
2025-12-15 18:56:11 INFO ProyectoAtomationPenelopeLopez == Fin test_login_validation ==
2025-12-15 18:56:19 INFO ProyectoAtomationPenelopeLopez == Inicio test_inventory ==
2025-12-15 18:56:19 INFO ProyectoAtomationPenelopeLopez Usuario configurado: standard_user
2025-12-15 18:56:19 INFO ProyectoAtomationPenelopeLopez Verificando que el inventario tiene productos disponibles
2025-12-15 18:56:19 INFO ProyectoAtomationPenelopeLopez Cantidad de productos encontrados: 6
2025-12-15 18:56:19 INFO ProyectoAtomationPenelopeLopez Verificando que el carrito esté vacío al inicio
2025-12-15 18:56:29 INFO ProyectoAtomationPenelopeLopez Conteo inicial del carrito: 0
2025-12-15 18:56:29 INFO ProyectoAtomationPenelopeLopez Agregando el primer producto al carrito
2025-12-15 18:56:30 INFO ProyectoAtomationPenelopeLopez Verificando contador del carrito después de agregar un producto
2025-12-15 18:56:30 INFO ProyectoAtomationPenelopeLopez Conteo final del carrito: 1
2025-12-15 18:56:30 INFO ProyectoAtomationPenelopeLopez Test de inventario completado correctamente
2025-12-15 18:56:32 INFO ProyectoAtomationPenelopeLopez Driver cerrado desde test_inventory
2025-12-15 18:56:54 INFO ProyectoAtomationPenelopeLopez == Inicio test_cart ==
2025-12-15 18:56:54 INFO ProyectoAtomationPenelopeLopez Usuario configurado: standard_user
2025-12-15 18:56:54 INFO ProyectoAtomationPenelopeLopez Agregando el primer producto al carrito desde Inventory
2025-12-15 18:56:54 INFO ProyectoAtomationPenelopeLopez Abriendo la vista del carrito
2025-12-15 18:56:54 INFO ProyectoAtomationPenelopeLopez Validando productos presentes en el carrito
2025-12-15 18:56:54 INFO ProyectoAtomationPenelopeLopez Cantidad de productos en el carrito: 1
2025-12-15 18:56:54 ERROR ProyectoAtomationPenelopeLopez Error inesperado en test_cart: El carrito debería tener exactamente 1 producto después de agregar el primero
assert 1 == 20
 +  where 1 = len([<selenium.webdriver.remote.webelement.WebElement (session="8e3fc5fb8ea2336ae089e813b7970a77", element="f.4A1D26C9D401D3A2E19D77FF9AB978D8.d.C7A78EE3588ACC5BE2886B7E19B56087.e.295")>])
Traceback (most recent call last):
  File "C:\Users\penlopez\OneDrive - Publicis Groupe\Escritorio 1\Automatizacion Talento Tech\Proyecto-Automation-Penelope-Lopez\tests\test_cart.py", line 32, in test_cart
    assert len(productos_en_carrito) == 20, "El carrito debería tener exactamente 1 producto después de agregar el primero"
AssertionError: El carrito debería tener exactamente 1 producto después de agregar el primero
assert 1 == 20
 +  where 1 = len([<selenium.webdriver.remote.webelement.WebElement (session="8e3fc5fb8ea2336ae089e813b7970a77", element="f.4A1D26C9D401D3A2E19D77FF9AB978D8.d.C7A78EE3588ACC5BE2886B7E19B56087.e.295")>])
2025-12-15 18:57:03 INFO ProyectoAtomationPenelopeLopez == Inicio test_cart_json ==
2025-12-15 18:57:03 INFO ProyectoAtomationPenelopeLopez Usuario configurado: standard_user
2025-12-15 18:57:03 INFO ProyectoAtomationPenelopeLopez Producto objetivo (desde JSON): Sauce Labs Backpack
2025-12-15 18:57:03 INFO ProyectoAtomationPenelopeLopez Agregando el producto al carrito por nombre: Sauce Labs Backpack
2025-12-15 18:57:03 INFO ProyectoAtomationPenelopeLopez Abriendo la vista del carrito
2025-12-15 18:57:03 INFO ProyectoAtomationPenelopeLopez Esperando a que el carrito esté visible (sleep corto)
2025-12-15 18:57:04 INFO ProyectoAtomationPenelopeLopez Validando que el producto en el carrito coincide con el objetivo
2025-12-15 18:57:04 INFO ProyectoAtomationPenelopeLopez Producto encontrado en carrito: Sauce Labs Backpack
2025-12-15 18:57:04 INFO ProyectoAtomationPenelopeLopez Test de carrito con JSON completado correctamente
2025-12-15 18:57:06 INFO ProyectoAtomationPenelopeLopez Driver cerrado desde test_cart_json
2025-12-15 18:57:28 INFO ProyectoAtomationPenelopeLopez == Inicio test_cart_json ==
2025-12-15 18:57:28 INFO ProyectoAtomationPenelopeLopez Usuario configurado: standard_user
2025-12-15 18:57:28 INFO ProyectoAtomationPenelopeLopez Producto objetivo (desde JSON): Sauce Labs Bike Light
2025-12-15 18:57:28 INFO ProyectoAtomationPenelopeLopez Agregando el producto al carrito por nombre: Sauce Labs Bike Light
2025-12-15 18:57:29 INFO ProyectoAtomationPenelopeLopez Abriendo la vista del carrito
2025-12-15 18:57:29 INFO ProyectoAtomationPenelopeLopez Esperando a que el carrito esté visible (sleep corto)
2025-12-15 18:57:30 INFO ProyectoAtomationPenelopeLopez Validando que el producto en el carrito coincide con el objetivo
2025-12-15 18:57:30 INFO ProyectoAtomationPenelopeLopez Producto encontrado en carrito: Sauce Labs Bike Light
2025-12-15 18:57:30 INFO ProyectoAtomationPenelopeLopez Test de carrito con JSON completado correctamente
2025-12-15 18:57:32 INFO ProyectoAtomationPenelopeLopez Driver cerrado desde test_cart_json
2025-12-15 18:57:54 INFO ProyectoAtomationPenelopeLopez == Inicio test_cart_json ==
2025-12-15 18:57:54 INFO ProyectoAtomationPenelopeLopez Usuario configurado: standard_user
2025-12-15 18:57:54 INFO ProyectoAtomationPenelopeLopez Producto objetivo (desde JSON): Sauce Labs Bolt T-Shirt
2025-12-15 18:57:54 INFO ProyectoAtomationPenelopeLopez Agregando el producto al carrito por nombre: Sauce Labs Bolt T-Shirt
2025-12-15 18:57:54 INFO ProyectoAtomationPenelopeLopez Abriendo la vista del carrito
2025-12-15 18:57:54 INFO ProyectoAtomationPenelopeLopez Esperando a que el carrito esté visible (sleep corto)
2025-12-15 18:57:55 INFO ProyectoAtomationPenelopeLopez Validando que el producto en el carrito coincide con el objetivo
2025-12-15 18:57:55 INFO ProyectoAtomationPenelopeLopez Producto encontrado en carrito: Sauce Labs Bolt T-Shirt
2025-12-15 18:57:55 INFO ProyectoAtomationPenelopeLopez Test de carrito con JSON completado correctamente
2025-12-15 18:57:57 INFO ProyectoAtomationPenelopeLopez Driver cerrado desde test_cart_json
2025-12-15 18:58:14 INFO ProyectoAtomationPenelopeLopez == Inicio test_get_user ==
2025-12-15 18:58:14 INFO ProyectoAtomationPenelopeLopez Preparando GET https://reqres.in/api/users/2
2025-12-15 18:58:14 INFO ProyectoAtomationPenelopeLopez Headers: {'x-api-key': 'reqres_795fa792b43340e09d83919c441a31f0'}
2025-12-15 18:58:14 INFO ProyectoAtomationPenelopeLopez Respuesta: status=200
2025-12-15 18:58:14 INFO ProyectoAtomationPenelopeLopez Payload recibido (resumen): id=2, email=janet.weaver@reqres.in
2025-12-15 18:58:14 INFO ProyectoAtomationPenelopeLopez test_get_user completado con éxito
2025-12-15 18:58:14 INFO ProyectoAtomationPenelopeLopez == Fin test_get_user ==
2025-12-15 18:58:14 INFO ProyectoAtomationPenelopeLopez == Inicio test_create_user ==
2025-12-15 18:58:14 INFO ProyectoAtomationPenelopeLopez Preparando POST https://reqres.in/api/users
2025-12-15 18:58:14 INFO ProyectoAtomationPenelopeLopez Payload: {'name': 'Penelope', 'job': 'QA Tester'}
2025-12-15 18:58:14 INFO ProyectoAtomationPenelopeLopez Headers: {'x-api-key': 'reqres_795fa792b43340e09d83919c441a31f0'}
2025-12-15 18:58:15 INFO ProyectoAtomationPenelopeLopez Respuesta: status=201
2025-12-15 18:58:15 INFO ProyectoAtomationPenelopeLopez Payload recibido (resumen): name=Penelope, job=QA Tester, id=805, createdAt=2025-12-15T21:58:15.104Z
2025-12-15 18:58:15 INFO ProyectoAtomationPenelopeLopez test_create_user completado con exito
2025-12-15 18:58:15 INFO ProyectoAtomationPenelopeLopez == Fin test_create_user ==
2025-12-15 18:58:15 INFO ProyectoAtomationPenelopeLopez == Inicio test_delete_user ==
2025-12-15 18:58:15 INFO ProyectoAtomationPenelopeLopez Preparando DELETE https://reqres.in/api/users/2
2025-12-15 18:58:15 INFO ProyectoAtomationPenelopeLopez Headers: {'x-api-key': 'reqres_795fa792b43340e09d83919c441a31f0'}
2025-12-15 18:58:15 INFO ProyectoAtomationPenelopeLopez Respuesta: status=204
2025-12-15 18:58:15 INFO ProyectoAtomationPenelopeLopez test_delete_user completado con exito
2025-12-15 18:58:15 INFO ProyectoAtomationPenelopeLopez == Fin test_delete_user ==
